Traceback (most recent call last):
  File "/usr/local/pyenv/versions/3.9.8/lib/python3.9/site-packages/jupyter_cache/executors/utils.py", line 51, in single_nb_execution
    executenb(
  File "/usr/local/pyenv/versions/3.9.8/lib/python3.9/site-packages/nbclient/client.py", line 1204, in execute
    return NotebookClient(nb=nb, resources=resources, km=km, **kwargs).execute()
  File "/usr/local/pyenv/versions/3.9.8/lib/python3.9/site-packages/nbclient/util.py", line 84, in wrapped
    return just_run(coro(*args, **kwargs))
  File "/usr/local/pyenv/versions/3.9.8/lib/python3.9/site-packages/nbclient/util.py", line 62, in just_run
    return loop.run_until_complete(coro)
  File "/usr/local/pyenv/versions/3.9.8/lib/python3.9/asyncio/base_events.py", line 642, in run_until_complete
    return future.result()
  File "/usr/local/pyenv/versions/3.9.8/lib/python3.9/site-packages/nbclient/client.py", line 663, in async_execute
    await self.async_execute_cell(
  File "/usr/local/pyenv/versions/3.9.8/lib/python3.9/site-packages/nbclient/client.py", line 965, in async_execute_cell
    await self._check_raise_for_error(cell, cell_index, exec_reply)
  File "/usr/local/pyenv/versions/3.9.8/lib/python3.9/site-packages/nbclient/client.py", line 862, in _check_raise_for_error
    raise CellExecutionError.from_cell_and_msg(cell, exec_reply_content)
nbclient.exceptions.CellExecutionError: An error occurred while executing the following cell:
------------------
cfg.PARAMS['use_intersects'] = False
gdirs_merged = workflow.merge_glacier_tasks(gdirs, main_rgi_id='RGI60-11.02709', return_all=False, 
                                            filename='climate_historical', dem_source='SRTM')
------------------

[0;31m---------------------------------------------------------------------------[0m
[0;31mAttributeError[0m                            Traceback (most recent call last)
[0;32m/tmp/ipykernel_1361/1799213988.py[0m in [0;36m<module>[0;34m[0m
[1;32m      1[0m [0mcfg[0m[0;34m.[0m[0mPARAMS[0m[0;34m[[0m[0;34m'use_intersects'[0m[0;34m][0m [0;34m=[0m [0;32mFalse[0m[0;34m[0m[0;34m[0m[0m
[0;32m----> 2[0;31m gdirs_merged = workflow.merge_glacier_tasks(gdirs, main_rgi_id='RGI60-11.02709', return_all=False, 
[0m[1;32m      3[0m                                             filename='climate_historical', dem_source='SRTM')

[0;32m/usr/local/pyenv/versions/3.9.8/lib/python3.9/site-packages/oggm/utils/_workflow.py[0m in [0;36m_global_task[0;34m(gdirs, **kwargs)[0m
[1;32m    546[0m [0;34m[0m[0m
[1;32m    547[0m             [0;31m# Run the task[0m[0;34m[0m[0;34m[0m[0m
[0;32m--> 548[0;31m             [0;32mreturn[0m [0mtask_func[0m[0;34m([0m[0mgdirs[0m[0;34m,[0m [0;34m**[0m[0mkwargs[0m[0;34m)[0m[0;34m[0m[0;34m[0m[0m
[0m[1;32m    549[0m [0;34m[0m[0m
[1;32m    550[0m         [0m_global_task[0m[0;34m.[0m[0m__dict__[0m[0;34m[[0m[0;34m'is_global_task'[0m[0;34m][0m [0;34m=[0m [0;32mTrue[0m[0;34m[0m[0;34m[0m[0m

[0;32m/usr/local/pyenv/versions/3.9.8/lib/python3.9/site-packages/oggm/workflow.py[0m in [0;36mmerge_glacier_tasks[0;34m(gdirs, main_rgi_id, return_all, buffer, **kwargs)[0m
[1;32m   1047[0m         [0;31m# main glacier is always the first: either given or the largest one[0m[0;34m[0m[0;34m[0m[0m
[1;32m   1048[0m         [0mgdir_main[0m [0;34m=[0m [0mgdirs[0m[0;34m.[0m[0mpop[0m[0;34m([0m[0;36m0[0m[0;34m)[0m[0;34m[0m[0;34m[0m[0m
[0;32m-> 1049[0;31m         [0mgdir_merged[0m[0;34m,[0m [0mgdirs[0m [0;34m=[0m [0m_recursive_merging[0m[0;34m([0m[0mgdirs[0m[0;34m,[0m [0mgdir_main[0m[0;34m,[0m [0;34m**[0m[0mkwargs[0m[0;34m)[0m[0;34m[0m[0;34m[0m[0m
[0m[1;32m   1050[0m         [0mmerged_gdirs[0m[0;34m.[0m[0mappend[0m[0;34m([0m[0mgdir_merged[0m[0;34m)[0m[0;34m[0m[0;34m[0m[0m
[1;32m   1051[0m [0;34m[0m[0m

[0;32m/usr/local/pyenv/versions/3.9.8/lib/python3.9/site-packages/oggm/workflow.py[0m in [0;36m_recursive_merging[0;34m(gdirs, gdir_main, glcdf, dem_source, filename, input_filesuffix)[0m
[1;32m   1107[0m     [0;32mfor[0m [0mtrib[0m [0;32min[0m [0mtributaries[0m[0;34m:[0m[0;34m[0m[0;34m[0m[0m
[1;32m   1108[0m         [0;31m# for each tributary: check if we can merge additional glaciers to it[0m[0;34m[0m[0;34m[0m[0m
[0;32m-> 1109[0;31m         merged, gdirs = _recursive_merging(gdirs, trib, glcdf=glcdf,
[0m[1;32m   1110[0m                                            [0mfilename[0m[0;34m=[0m[0mfilename[0m[0;34m,[0m[0;34m[0m[0;34m[0m[0m
[1;32m   1111[0m                                            [0minput_filesuffix[0m[0;34m=[0m[0minput_filesuffix[0m[0;34m,[0m[0;34m[0m[0;34m[0m[0m

[0;32m/usr/local/pyenv/versions/3.9.8/lib/python3.9/site-packages/oggm/workflow.py[0m in [0;36m_recursive_merging[0;34m(gdirs, gdir_main, glcdf, dem_source, filename, input_filesuffix)[0m
[1;32m   1114[0m [0;34m[0m[0m
[1;32m   1115[0m     [0;31m# create merged glacier directory[0m[0;34m[0m[0;34m[0m[0m
[0;32m-> 1116[0;31m     gdir_merged = utils.initialize_merged_gdir(
[0m[1;32m   1117[0m         [0mgdir_main[0m[0;34m,[0m [0mtribs[0m[0;34m=[0m[0mgdirs_to_merge[0m[0;34m,[0m [0mglcdf[0m[0;34m=[0m[0mglcdf[0m[0;34m,[0m [0mfilename[0m[0;34m=[0m[0mfilename[0m[0;34m,[0m[0;34m[0m[0;34m[0m[0m
[1;32m   1118[0m         input_filesuffix=input_filesuffix, dem_source=dem_source)

[0;32m/usr/local/pyenv/versions/3.9.8/lib/python3.9/site-packages/oggm/utils/_workflow.py[0m in [0;36minitialize_merged_gdir[0;34m(main, tribs, glcdf, filename, input_filesuffix, dem_source)[0m
[1;32m   3393[0m     [0;31m# Should be passed along, if not download it[0m[0;34m[0m[0;34m[0m[0m
[1;32m   3394[0m     [0;32mif[0m [0mglcdf[0m [0;32mis[0m [0;32mNone[0m[0;34m:[0m[0;34m[0m[0;34m[0m[0m
[0;32m-> 3395[0;31m         [0mglcdf[0m [0;34m=[0m [0mget_rgi_glacier_entities[0m[0;34m([0m[0;34m[[0m[0mmain[0m[0;34m.[0m[0mrgi_id[0m[0;34m][0m[0;34m)[0m[0;34m[0m[0;34m[0m[0m
[0m[1;32m   3396[0m     [0;31m# Get index location of the specific glacier[0m[0;34m[0m[0;34m[0m[0m
[1;32m   3397[0m     [0midx[0m [0;34m=[0m [0mglcdf[0m[0;34m.[0m[0mloc[0m[0;34m[[0m[0mglcdf[0m[0;34m.[0m[0mRGIId[0m [0;34m==[0m [0mmain[0m[0;34m.[0m[0mrgi_id[0m[0;34m][0m[0;34m.[0m[0mindex[0m[0;34m[0m[0;34m[0m[0m

[0;32m/usr/local/pyenv/versions/3.9.8/lib/python3.9/site-packages/oggm/utils/_downloads.py[0m in [0;36mget_rgi_glacier_entities[0;34m(rgi_ids, version)[0m
[1;32m   1932[0m     [0mselection[0m [0;34m=[0m [0;34m[[0m[0;34m][0m[0;34m[0m[0;34m[0m[0m
[1;32m   1933[0m     [0;32mfor[0m [0mreg[0m [0;32min[0m [0msorted[0m[0;34m([0m[0mnp[0m[0;34m.[0m[0munique[0m[0;34m([0m[0mregions[0m[0;34m)[0m[0;34m)[0m[0;34m:[0m[0;34m[0m[0;34m[0m[0m
[0;32m-> 1934[0;31m         [0msh[0m [0;34m=[0m [0mgpd[0m[0;34m.[0m[0mread_file[0m[0;34m([0m[0mget_rgi_region_file[0m[0;34m([0m[0mreg[0m[0;34m,[0m [0mversion[0m[0;34m=[0m[0mversion[0m[0;34m)[0m[0;34m)[0m[0;34m[0m[0;34m[0m[0m
[0m[1;32m   1935[0m         [0mselection[0m[0;34m.[0m[0mappend[0m[0;34m([0m[0msh[0m[0;34m.[0m[0mloc[0m[0;34m[[0m[0msh[0m[0;34m.[0m[0mRGIId[0m[0;34m.[0m[0misin[0m[0;34m([0m[0mrgi_ids[0m[0;34m)[0m[0;34m][0m[0;34m)[0m[0;34m[0m[0;34m[0m[0m
[1;32m   1936[0m [0;34m[0m[0m

[0;32m/usr/local/pyenv/versions/3.9.8/lib/python3.9/site-packages/oggm/utils/_downloads.py[0m in [0;36mget_rgi_region_file[0;34m(region, version, reset)[0m
[1;32m   1903[0m     """
[1;32m   1904[0m [0;34m[0m[0m
[0;32m-> 1905[0;31m     [0mrgi_dir[0m [0;34m=[0m [0mget_rgi_dir[0m[0;34m([0m[0mversion[0m[0;34m=[0m[0mversion[0m[0;34m,[0m [0mreset[0m[0;34m=[0m[0mreset[0m[0;34m)[0m[0;34m[0m[0;34m[0m[0m
[0m[1;32m   1906[0m     [0mf[0m [0;34m=[0m [0mlist[0m[0;34m([0m[0mglob[0m[0;34m.[0m[0mglob[0m[0;34m([0m[0mrgi_dir[0m [0;34m+[0m [0;34m"/*/{}_*.shp"[0m[0;34m.[0m[0mformat[0m[0;34m([0m[0mregion[0m[0;34m)[0m[0;34m)[0m[0;34m)[0m[0;34m[0m[0;34m[0m[0m
[1;32m   1907[0m     [0;32massert[0m [0mlen[0m[0;34m([0m[0mf[0m[0;34m)[0m [0;34m==[0m [0;36m1[0m[0;34m[0m[0;34m[0m[0m

[0;32m/usr/local/pyenv/versions/3.9.8/lib/python3.9/site-packages/oggm/utils/_downloads.py[0m in [0;36mget_rgi_dir[0;34m(version, reset)[0m
[1;32m   1828[0m [0;34m[0m[0m
[1;32m   1829[0m     [0;32mwith[0m [0mget_lock[0m[0;34m([0m[0;34m)[0m[0;34m:[0m[0;34m[0m[0;34m[0m[0m
[0;32m-> 1830[0;31m         [0;32mreturn[0m [0m_get_rgi_dir_unlocked[0m[0;34m([0m[0mversion[0m[0;34m=[0m[0mversion[0m[0;34m,[0m [0mreset[0m[0;34m=[0m[0mreset[0m[0;34m)[0m[0;34m[0m[0;34m[0m[0m
[0m[1;32m   1831[0m [0;34m[0m[0m
[1;32m   1832[0m [0;34m[0m[0m

[0;32m/usr/local/pyenv/versions/3.9.8/lib/python3.9/site-packages/oggm/utils/_downloads.py[0m in [0;36m_get_rgi_dir_unlocked[0;34m(version, reset)[0m
[1;32m   1864[0m         [0mofile[0m [0;34m=[0m [0mfile_downloader[0m[0;34m([0m[0mdfile[0m[0;34m,[0m [0mreset[0m[0;34m=[0m[0mreset[0m[0;34m)[0m[0;34m[0m[0;34m[0m[0m
[1;32m   1865[0m         [0;31m# Extract root[0m[0;34m[0m[0;34m[0m[0m
[0;32m-> 1866[0;31m         [0;32mwith[0m [0mzipfile[0m[0;34m.[0m[0mZipFile[0m[0;34m([0m[0mofile[0m[0;34m)[0m [0;32mas[0m [0mzf[0m[0;34m:[0m[0;34m[0m[0;34m[0m[0m
[0m[1;32m   1867[0m             [0mzf[0m[0;34m.[0m[0mextractall[0m[0;34m([0m[0mrgi_dir[0m[0;34m)[0m[0;34m[0m[0;34m[0m[0m
[1;32m   1868[0m         [0;31m# Extract subdirs[0m[0;34m[0m[0;34m[0m[0m

[0;32m/usr/local/pyenv/versions/3.9.8/lib/python3.9/zipfile.py[0m in [0;36m__init__[0;34m(self, file, mode, compression, allowZip64, compresslevel, strict_timestamps)[0m
[1;32m   1255[0m         [0;32mtry[0m[0;34m:[0m[0;34m[0m[0;34m[0m[0m
[1;32m   1256[0m             [0;32mif[0m [0mmode[0m [0;34m==[0m [0;34m'r'[0m[0;34m:[0m[0;34m[0m[0;34m[0m[0m
[0;32m-> 1257[0;31m                 [0mself[0m[0;34m.[0m[0m_RealGetContents[0m[0;34m([0m[0;34m)[0m[0;34m[0m[0;34m[0m[0m
[0m[1;32m   1258[0m             [0;32melif[0m [0mmode[0m [0;32min[0m [0;34m([0m[0;34m'w'[0m[0;34m,[0m [0;34m'x'[0m[0;34m)[0m[0;34m:[0m[0;34m[0m[0;34m[0m[0m
[1;32m   1259[0m                 [0;31m# set the modified flag so central directory gets written[0m[0;34m[0m[0;34m[0m[0m

[0;32m/usr/local/pyenv/versions/3.9.8/lib/python3.9/zipfile.py[0m in [0;36m_RealGetContents[0;34m(self)[0m
[1;32m   1318[0m         [0mfp[0m [0;34m=[0m [0mself[0m[0;34m.[0m[0mfp[0m[0;34m[0m[0;34m[0m[0m
[1;32m   1319[0m         [0;32mtry[0m[0;34m:[0m[0;34m[0m[0;34m[0m[0m
[0;32m-> 1320[0;31m             [0mendrec[0m [0;34m=[0m [0m_EndRecData[0m[0;34m([0m[0mfp[0m[0;34m)[0m[0;34m[0m[0;34m[0m[0m
[0m[1;32m   1321[0m         [0;32mexcept[0m [0mOSError[0m[0;34m:[0m[0;34m[0m[0;34m[0m[0m
[1;32m   1322[0m             [0;32mraise[0m [0mBadZipFile[0m[0;34m([0m[0;34m"File is not a zip file"[0m[0;34m)[0m[0;34m[0m[0;34m[0m[0m

[0;32m/usr/local/pyenv/versions/3.9.8/lib/python3.9/zipfile.py[0m in [0;36m_EndRecData[0;34m(fpin)[0m
[1;32m    261[0m [0;34m[0m[0m
[1;32m    262[0m     [0;31m# Determine file size[0m[0;34m[0m[0;34m[0m[0m
[0;32m--> 263[0;31m     [0mfpin[0m[0;34m.[0m[0mseek[0m[0;34m([0m[0;36m0[0m[0;34m,[0m [0;36m2[0m[0;34m)[0m[0;34m[0m[0;34m[0m[0m
[0m[1;32m    264[0m     [0mfilesize[0m [0;34m=[0m [0mfpin[0m[0;34m.[0m[0mtell[0m[0;34m([0m[0;34m)[0m[0;34m[0m[0;34m[0m[0m
[1;32m    265[0m [0;34m[0m[0m

[0;31mAttributeError[0m: 'NoneType' object has no attribute 'seek'
AttributeError: 'NoneType' object has no attribute 'seek'

