Traceback (most recent call last):
  File "/usr/local/pyenv/versions/3.10.10/lib/python3.10/site-packages/jupyter_cache/executors/utils.py", line 51, in single_nb_execution
    executenb(
  File "/usr/local/pyenv/versions/3.10.10/lib/python3.10/site-packages/nbclient/client.py", line 1204, in execute
    return NotebookClient(nb=nb, resources=resources, km=km, **kwargs).execute()
  File "/usr/local/pyenv/versions/3.10.10/lib/python3.10/site-packages/nbclient/util.py", line 84, in wrapped
    return just_run(coro(*args, **kwargs))
  File "/usr/local/pyenv/versions/3.10.10/lib/python3.10/site-packages/nbclient/util.py", line 62, in just_run
    return loop.run_until_complete(coro)
  File "/usr/local/pyenv/versions/3.10.10/lib/python3.10/asyncio/base_events.py", line 649, in run_until_complete
    return future.result()
  File "/usr/local/pyenv/versions/3.10.10/lib/python3.10/site-packages/nbclient/client.py", line 663, in async_execute
    await self.async_execute_cell(
  File "/usr/local/pyenv/versions/3.10.10/lib/python3.10/site-packages/nbclient/client.py", line 965, in async_execute_cell
    await self._check_raise_for_error(cell, cell_index, exec_reply)
  File "/usr/local/pyenv/versions/3.10.10/lib/python3.10/site-packages/nbclient/client.py", line 862, in _check_raise_for_error
    raise CellExecutionError.from_cell_and_msg(cell, exec_reply_content)
nbclient.exceptions.CellExecutionError: An error occurred while executing the following cell:
------------------
# you can choose one of these 5 different GCMs:
#['gfdl-esm4_r1i1p1f1', 'ipsl-cm6a-lr_r1i1p1f1',
# 'mpi-esm1-2-hr_r1i1p1f1', 'mri-esm2-0_r1i1p1f1',
# 'ukesm1-0-ll_r1i1p1f2']
ensemble = 'mri-esm2-0_r1i1p1f1' 

for ssp in ['ssp126', 'ssp370','ssp585']:
    # bias correct them
    workflow.execute_entity_task(gcm_climate.process_monthly_isimip_data, gdirs, 
                                 ssp = ssp,
                                 # gcm ensemble -> you can choose another one
                                 ensemble=ensemble,
                                 # recognize the climate file for later
                                 output_filesuffix=f'_ISIMIP3b_{ensemble}_{ssp}'
                                 );
------------------

[0;31m---------------------------------------------------------------------------[0m
[0;31mTypeError[0m                                 Traceback (most recent call last)
Cell [0;32mIn[8], line 9[0m
[1;32m      5[0m ensemble [38;5;241m=[39m [38;5;124m'[39m[38;5;124mmri-esm2-0_r1i1p1f1[39m[38;5;124m'[39m 
[1;32m      7[0m [38;5;28;01mfor[39;00m ssp [38;5;129;01min[39;00m [[38;5;124m'[39m[38;5;124mssp126[39m[38;5;124m'[39m, [38;5;124m'[39m[38;5;124mssp370[39m[38;5;124m'[39m,[38;5;124m'[39m[38;5;124mssp585[39m[38;5;124m'[39m]:
[1;32m      8[0m     [38;5;66;03m# bias correct them[39;00m
[0;32m----> 9[0m     [43mworkflow[49m[38;5;241;43m.[39;49m[43mexecute_entity_task[49m[43m([49m[43mgcm_climate[49m[38;5;241;43m.[39;49m[43mprocess_monthly_isimip_data[49m[43m,[49m[43m [49m[43mgdirs[49m[43m,[49m[43m [49m
[1;32m     10[0m [43m                                 [49m[43mssp[49m[43m [49m[38;5;241;43m=[39;49m[43m [49m[43mssp[49m[43m,[49m
[1;32m     11[0m [43m                                 [49m[38;5;66;43;03m# gcm ensemble -> you can choose another one[39;49;00m
[1;32m     12[0m [43m                                 [49m[43mensemble[49m[38;5;241;43m=[39;49m[43mensemble[49m[43m,[49m
[1;32m     13[0m [43m                                 [49m[38;5;66;43;03m# recognize the climate file for later[39;49;00m
[1;32m     14[0m [43m                                 [49m[43moutput_filesuffix[49m[38;5;241;43m=[39;49m[38;5;124;43mf[39;49m[38;5;124;43m'[39;49m[38;5;124;43m_ISIMIP3b_[39;49m[38;5;132;43;01m{[39;49;00m[43mensemble[49m[38;5;132;43;01m}[39;49;00m[38;5;124;43m_[39;49m[38;5;132;43;01m{[39;49;00m[43mssp[49m[38;5;132;43;01m}[39;49;00m[38;5;124;43m'[39;49m
[1;32m     15[0m [43m                                 [49m[43m)[49m;

File [0;32m/usr/local/pyenv/versions/3.10.10/lib/python3.10/site-packages/oggm/workflow.py:191[0m, in [0;36mexecute_entity_task[0;34m(task, gdirs, **kwargs)[0m
[1;32m    187[0m     [38;5;28;01mif[39;00m ng [38;5;241m>[39m [38;5;241m3[39m:
[1;32m    188[0m         log[38;5;241m.[39mworkflow([38;5;124m'[39m[38;5;124mWARNING: you are trying to run an entity task on [39m[38;5;124m'[39m
[1;32m    189[0m                      [38;5;124m'[39m[38;5;132;01m%d[39;00m[38;5;124m glaciers with multiprocessing turned off. OGGM [39m[38;5;124m'[39m
[1;32m    190[0m                      [38;5;124m'[39m[38;5;124mwill run faster with multiprocessing turned on.[39m[38;5;124m'[39m, ng)
[0;32m--> 191[0m     out [38;5;241m=[39m [pc(gdir) [38;5;28;01mfor[39;00m gdir [38;5;129;01min[39;00m gdirs]
[1;32m    193[0m [38;5;28;01mreturn[39;00m out

File [0;32m/usr/local/pyenv/versions/3.10.10/lib/python3.10/site-packages/oggm/workflow.py:191[0m, in [0;36m<listcomp>[0;34m(.0)[0m
[1;32m    187[0m     [38;5;28;01mif[39;00m ng [38;5;241m>[39m [38;5;241m3[39m:
[1;32m    188[0m         log[38;5;241m.[39mworkflow([38;5;124m'[39m[38;5;124mWARNING: you are trying to run an entity task on [39m[38;5;124m'[39m
[1;32m    189[0m                      [38;5;124m'[39m[38;5;132;01m%d[39;00m[38;5;124m glaciers with multiprocessing turned off. OGGM [39m[38;5;124m'[39m
[1;32m    190[0m                      [38;5;124m'[39m[38;5;124mwill run faster with multiprocessing turned on.[39m[38;5;124m'[39m, ng)
[0;32m--> 191[0m     out [38;5;241m=[39m [[43mpc[49m[43m([49m[43mgdir[49m[43m)[49m [38;5;28;01mfor[39;00m gdir [38;5;129;01min[39;00m gdirs]
[1;32m    193[0m [38;5;28;01mreturn[39;00m out

File [0;32m/usr/local/pyenv/versions/3.10.10/lib/python3.10/site-packages/oggm/workflow.py:108[0m, in [0;36m_pickle_copier.__call__[0;34m(self, arg)[0m
[1;32m    106[0m [38;5;28;01mfor[39;00m func [38;5;129;01min[39;00m [38;5;28mself[39m[38;5;241m.[39mcall_func:
[1;32m    107[0m     func, kwargs [38;5;241m=[39m func
[0;32m--> 108[0m     res [38;5;241m=[39m [38;5;28;43mself[39;49m[38;5;241;43m.[39;49m[43m_call_internal[49m[43m([49m[43mfunc[49m[43m,[49m[43m [49m[43marg[49m[43m,[49m[43m [49m[43mkwargs[49m[43m)[49m
[1;32m    109[0m [38;5;28;01mreturn[39;00m res

File [0;32m/usr/local/pyenv/versions/3.10.10/lib/python3.10/site-packages/oggm/workflow.py:102[0m, in [0;36m_pickle_copier._call_internal[0;34m(self, call_func, gdir, kwargs)[0m
[1;32m     99[0m     gdir, gdir_kwargs [38;5;241m=[39m gdir
[1;32m    100[0m     kwargs[38;5;241m.[39mupdate(gdir_kwargs)
[0;32m--> 102[0m [38;5;28;01mreturn[39;00m [43mcall_func[49m[43m([49m[43mgdir[49m[43m,[49m[43m [49m[38;5;241;43m*[39;49m[38;5;241;43m*[39;49m[43mkwargs[49m[43m)[49m

File [0;32m/usr/local/pyenv/versions/3.10.10/lib/python3.10/site-packages/oggm/utils/_workflow.py:491[0m, in [0;36mentity_task.__call__.<locals>._entity_task[0;34m(gdir, reset, print_log, return_value, continue_on_error, add_to_log_file, **kwargs)[0m
[1;32m    489[0m     signal[38;5;241m.[39malarm(cfg[38;5;241m.[39mPARAMS[[38;5;124m'[39m[38;5;124mtask_timeout[39m[38;5;124m'[39m])
[1;32m    490[0m ex_t [38;5;241m=[39m time[38;5;241m.[39mtime()
[0;32m--> 491[0m out [38;5;241m=[39m [43mtask_func[49m[43m([49m[43mgdir[49m[43m,[49m[43m [49m[38;5;241;43m*[39;49m[38;5;241;43m*[39;49m[43mkwargs[49m[43m)[49m
[1;32m    492[0m ex_t [38;5;241m=[39m time[38;5;241m.[39mtime() [38;5;241m-[39m ex_t
[1;32m    493[0m [38;5;28;01mif[39;00m cfg[38;5;241m.[39mPARAMS[[38;5;124m'[39m[38;5;124mtask_timeout[39m[38;5;124m'[39m] [38;5;241m>[39m [38;5;241m0[39m:

File [0;32m/usr/local/pyenv/versions/3.10.10/lib/python3.10/site-packages/oggm/shop/gcm_climate.py:293[0m, in [0;36mprocess_monthly_isimip_data[0;34m(gdir, output_filesuffix, member, ssp, year_range, apply_bias_correction, testing, **kwargs)[0m
[1;32m    290[0m     dimo [38;5;241m=[39m [cfg[38;5;241m.[39mDAYS_IN_MONTH[m [38;5;241m-[39m [38;5;241m1[39m] [38;5;28;01mfor[39;00m m [38;5;129;01min[39;00m temp[[38;5;124m'[39m[38;5;124mtime.month[39m[38;5;124m'[39m]]
[1;32m    291[0m     precip [38;5;241m=[39m precip [38;5;241m*[39m dimo [38;5;241m*[39m ([38;5;241m60[39m [38;5;241m*[39m [38;5;241m60[39m [38;5;241m*[39m [38;5;241m24[39m)
[0;32m--> 293[0m [43mprocess_gcm_data[49m[43m([49m[43mgdir[49m[43m,[49m[43m [49m[43mfilesuffix[49m[38;5;241;43m=[39;49m[43moutput_filesuffix[49m[43m,[49m[43m [49m[43mprcp[49m[38;5;241;43m=[39;49m[43mprecip[49m[43m,[49m[43m [49m[43mtemp[49m[38;5;241;43m=[39;49m[43mtemp[49m[43m,[49m
[1;32m    294[0m [43m                 [49m[43myear_range[49m[38;5;241;43m=[39;49m[43myear_range[49m[43m,[49m[43m [49m[43msource[49m[38;5;241;43m=[39;49m[43moutput_filesuffix[49m[43m,[49m
[1;32m    295[0m [43m                 [49m[43mapply_bias_correction[49m[38;5;241;43m=[39;49m[43mapply_bias_correction[49m[43m,[49m
[1;32m    296[0m [43m                 [49m[38;5;241;43m*[39;49m[38;5;241;43m*[39;49m[43mkwargs[49m[43m)[49m

File [0;32m/usr/local/pyenv/versions/3.10.10/lib/python3.10/site-packages/oggm/utils/_workflow.py:491[0m, in [0;36mentity_task.__call__.<locals>._entity_task[0;34m(gdir, reset, print_log, return_value, continue_on_error, add_to_log_file, **kwargs)[0m
[1;32m    489[0m     signal[38;5;241m.[39malarm(cfg[38;5;241m.[39mPARAMS[[38;5;124m'[39m[38;5;124mtask_timeout[39m[38;5;124m'[39m])
[1;32m    490[0m ex_t [38;5;241m=[39m time[38;5;241m.[39mtime()
[0;32m--> 491[0m out [38;5;241m=[39m [43mtask_func[49m[43m([49m[43mgdir[49m[43m,[49m[43m [49m[38;5;241;43m*[39;49m[38;5;241;43m*[39;49m[43mkwargs[49m[43m)[49m
[1;32m    492[0m ex_t [38;5;241m=[39m time[38;5;241m.[39mtime() [38;5;241m-[39m ex_t
[1;32m    493[0m [38;5;28;01mif[39;00m cfg[38;5;241m.[39mPARAMS[[38;5;124m'[39m[38;5;124mtask_timeout[39m[38;5;124m'[39m] [38;5;241m>[39m [38;5;241m0[39m:

[0;31mTypeError[0m: process_gcm_data() got an unexpected keyword argument 'ensemble'
TypeError: process_gcm_data() got an unexpected keyword argument 'ensemble'

