Traceback (most recent call last):
  File "/usr/local/pyenv/versions/3.10.10/lib/python3.10/site-packages/jupyter_cache/executors/utils.py", line 51, in single_nb_execution
    executenb(
  File "/usr/local/pyenv/versions/3.10.10/lib/python3.10/site-packages/nbclient/client.py", line 1204, in execute
    return NotebookClient(nb=nb, resources=resources, km=km, **kwargs).execute()
  File "/usr/local/pyenv/versions/3.10.10/lib/python3.10/site-packages/nbclient/util.py", line 84, in wrapped
    return just_run(coro(*args, **kwargs))
  File "/usr/local/pyenv/versions/3.10.10/lib/python3.10/site-packages/nbclient/util.py", line 62, in just_run
    return loop.run_until_complete(coro)
  File "/usr/local/pyenv/versions/3.10.10/lib/python3.10/asyncio/base_events.py", line 649, in run_until_complete
    return future.result()
  File "/usr/local/pyenv/versions/3.10.10/lib/python3.10/site-packages/nbclient/client.py", line 663, in async_execute
    await self.async_execute_cell(
  File "/usr/local/pyenv/versions/3.10.10/lib/python3.10/site-packages/nbclient/client.py", line 965, in async_execute_cell
    await self._check_raise_for_error(cell, cell_index, exec_reply)
  File "/usr/local/pyenv/versions/3.10.10/lib/python3.10/site-packages/nbclient/client.py", line 862, in _check_raise_for_error
    raise CellExecutionError.from_cell_and_msg(cell, exec_reply_content)
nbclient.exceptions.CellExecutionError: An error occurred while executing the following cell:
------------------
for_intersects = pd.concat([template, utils.get_rgi_glacier_entities(['RGI60-11.00846'])], ignore_index=True)
for_intersects.crs = salem.wgs84.srs
for_intersects.plot(edgecolor='k');
------------------

[0;31m---------------------------------------------------------------------------[0m
[0;31mValueError[0m                                Traceback (most recent call last)
Cell [0;32mIn[13], line 1[0m
[0;32m----> 1[0m for_intersects [38;5;241m=[39m [43mpd[49m[38;5;241;43m.[39;49m[43mconcat[49m[43m([49m[43m[[49m[43mtemplate[49m[43m,[49m[43m [49m[43mutils[49m[38;5;241;43m.[39;49m[43mget_rgi_glacier_entities[49m[43m([49m[43m[[49m[38;5;124;43m'[39;49m[38;5;124;43mRGI60-11.00846[39;49m[38;5;124;43m'[39;49m[43m][49m[43m)[49m[43m][49m[43m,[49m[43m [49m[43mignore_index[49m[38;5;241;43m=[39;49m[38;5;28;43;01mTrue[39;49;00m[43m)[49m
[1;32m      2[0m for_intersects[38;5;241m.[39mcrs [38;5;241m=[39m salem[38;5;241m.[39mwgs84[38;5;241m.[39msrs
[1;32m      3[0m for_intersects[38;5;241m.[39mplot(edgecolor[38;5;241m=[39m[38;5;124m'[39m[38;5;124mk[39m[38;5;124m'[39m);

File [0;32m/usr/local/pyenv/versions/3.10.10/lib/python3.10/site-packages/pandas/util/_decorators.py:331[0m, in [0;36mdeprecate_nonkeyword_arguments.<locals>.decorate.<locals>.wrapper[0;34m(*args, **kwargs)[0m
[1;32m    325[0m [38;5;28;01mif[39;00m [38;5;28mlen[39m(args) [38;5;241m>[39m num_allow_args:
[1;32m    326[0m     warnings[38;5;241m.[39mwarn(
[1;32m    327[0m         msg[38;5;241m.[39mformat(arguments[38;5;241m=[39m_format_argument_list(allow_args)),
[1;32m    328[0m         [38;5;167;01mFutureWarning[39;00m,
[1;32m    329[0m         stacklevel[38;5;241m=[39mfind_stack_level(),
[1;32m    330[0m     )
[0;32m--> 331[0m [38;5;28;01mreturn[39;00m [43mfunc[49m[43m([49m[38;5;241;43m*[39;49m[43margs[49m[43m,[49m[43m [49m[38;5;241;43m*[39;49m[38;5;241;43m*[39;49m[43mkwargs[49m[43m)[49m

File [0;32m/usr/local/pyenv/versions/3.10.10/lib/python3.10/site-packages/pandas/core/reshape/concat.py:381[0m, in [0;36mconcat[0;34m(objs, axis, join, ignore_index, keys, levels, names, verify_integrity, sort, copy)[0m
[1;32m    159[0m [38;5;250m[39m[38;5;124;03m"""[39;00m
[1;32m    160[0m [38;5;124;03mConcatenate pandas objects along a particular axis.[39;00m
[1;32m    161[0m 
[0;32m   (...)[0m
[1;32m    366[0m [38;5;124;03m1   3   4[39;00m
[1;32m    367[0m [38;5;124;03m"""[39;00m
[1;32m    368[0m op [38;5;241m=[39m _Concatenator(
[1;32m    369[0m     objs,
[1;32m    370[0m     axis[38;5;241m=[39maxis,
[0;32m   (...)[0m
[1;32m    378[0m     sort[38;5;241m=[39msort,
[1;32m    379[0m )
[0;32m--> 381[0m [38;5;28;01mreturn[39;00m [43mop[49m[38;5;241;43m.[39;49m[43mget_result[49m[43m([49m[43m)[49m

File [0;32m/usr/local/pyenv/versions/3.10.10/lib/python3.10/site-packages/pandas/core/reshape/concat.py:616[0m, in [0;36m_Concatenator.get_result[0;34m(self)[0m
[1;32m    612[0m             indexers[ax] [38;5;241m=[39m obj_labels[38;5;241m.[39mget_indexer(new_labels)
[1;32m    614[0m     mgrs_indexers[38;5;241m.[39mappend((obj[38;5;241m.[39m_mgr, indexers))
[0;32m--> 616[0m new_data [38;5;241m=[39m [43mconcatenate_managers[49m[43m([49m
[1;32m    617[0m [43m    [49m[43mmgrs_indexers[49m[43m,[49m[43m [49m[38;5;28;43mself[39;49m[38;5;241;43m.[39;49m[43mnew_axes[49m[43m,[49m[43m [49m[43mconcat_axis[49m[38;5;241;43m=[39;49m[38;5;28;43mself[39;49m[38;5;241;43m.[39;49m[43mbm_axis[49m[43m,[49m[43m [49m[43mcopy[49m[38;5;241;43m=[39;49m[38;5;28;43mself[39;49m[38;5;241;43m.[39;49m[43mcopy[49m
[1;32m    618[0m [43m[49m[43m)[49m
[1;32m    619[0m [38;5;28;01mif[39;00m [38;5;129;01mnot[39;00m [38;5;28mself[39m[38;5;241m.[39mcopy:
[1;32m    620[0m     new_data[38;5;241m.[39m_consolidate_inplace()

File [0;32m/usr/local/pyenv/versions/3.10.10/lib/python3.10/site-packages/pandas/core/internals/concat.py:226[0m, in [0;36mconcatenate_managers[0;34m(mgrs_indexers, axes, concat_axis, copy)[0m
[1;32m    223[0m     values [38;5;241m=[39m np[38;5;241m.[39mconcatenate(vals, axis[38;5;241m=[39m[38;5;241m1[39m)
[1;32m    224[0m [38;5;28;01melse[39;00m:
[1;32m    225[0m     [38;5;66;03m# TODO(EA2D): special-casing not needed with 2D EAs[39;00m
[0;32m--> 226[0m     values [38;5;241m=[39m [43mconcat_compat[49m[43m([49m[43mvals[49m[43m,[49m[43m [49m[43maxis[49m[38;5;241;43m=[39;49m[38;5;241;43m1[39;49m[43m)[49m
[1;32m    227[0m     values [38;5;241m=[39m ensure_block_shape(values, ndim[38;5;241m=[39m[38;5;241m2[39m)
[1;32m    229[0m values [38;5;241m=[39m ensure_wrapped_if_datetimelike(values)

File [0;32m/usr/local/pyenv/versions/3.10.10/lib/python3.10/site-packages/pandas/core/dtypes/concat.py:133[0m, in [0;36mconcat_compat[0;34m(to_concat, axis, ea_compat_axis)[0m
[1;32m    130[0m [38;5;28;01mif[39;00m [38;5;28misinstance[39m(to_concat[[38;5;241m0[39m], ABCExtensionArray):
[1;32m    131[0m     [38;5;66;03m# TODO: what about EA-backed Index?[39;00m
[1;32m    132[0m     [38;5;28mcls[39m [38;5;241m=[39m [38;5;28mtype[39m(to_concat[[38;5;241m0[39m])
[0;32m--> 133[0m     [38;5;28;01mreturn[39;00m [38;5;28;43mcls[39;49m[38;5;241;43m.[39;49m[43m_concat_same_type[49m[43m([49m[43mto_concat[49m[43m)[49m
[1;32m    134[0m [38;5;28;01melse[39;00m:
[1;32m    135[0m     [38;5;28;01mreturn[39;00m np[38;5;241m.[39mconcatenate(to_concat)

File [0;32m/usr/local/pyenv/versions/3.10.10/lib/python3.10/site-packages/geopandas/array.py:1323[0m, in [0;36mGeometryArray._concat_same_type[0;34m(cls, to_concat)[0m
[1;32m   1311[0m [38;5;250m[39m[38;5;124;03m"""[39;00m
[1;32m   1312[0m [38;5;124;03mConcatenate multiple array[39;00m
[1;32m   1313[0m 
[0;32m   (...)[0m
[1;32m   1320[0m [38;5;124;03mExtensionArray[39;00m
[1;32m   1321[0m [38;5;124;03m"""[39;00m
[1;32m   1322[0m data [38;5;241m=[39m np[38;5;241m.[39mconcatenate([ga[38;5;241m.[39mdata [38;5;28;01mfor[39;00m ga [38;5;129;01min[39;00m to_concat])
[0;32m-> 1323[0m [38;5;28;01mreturn[39;00m GeometryArray(data, crs[38;5;241m=[39m[43m_get_common_crs[49m[43m([49m[43mto_concat[49m[43m)[49m)

File [0;32m/usr/local/pyenv/versions/3.10.10/lib/python3.10/site-packages/geopandas/array.py:1413[0m, in [0;36m_get_common_crs[0;34m(arr_seq)[0m
[1;32m   1406[0m         warnings[38;5;241m.[39mwarn(
[1;32m   1407[0m             [38;5;124m"[39m[38;5;124mCRS not set for some of the concatenation inputs. [39m[38;5;124m"[39m
[1;32m   1408[0m             [38;5;124mf[39m[38;5;124m"[39m[38;5;124mSetting output[39m[38;5;124m'[39m[38;5;124ms CRS as [39m[38;5;132;01m{[39;00mnames[[38;5;241m0[39m][38;5;132;01m}[39;00m[38;5;124m [39m[38;5;124m"[39m
[1;32m   1409[0m             [38;5;124m"[39m[38;5;124m(the single non-null crs provided).[39m[38;5;124m"[39m
[1;32m   1410[0m         )
[1;32m   1411[0m     [38;5;28;01mreturn[39;00m crs_not_none[[38;5;241m0[39m]
[0;32m-> 1413[0m [38;5;28;01mraise[39;00m [38;5;167;01mValueError[39;00m(
[1;32m   1414[0m     [38;5;124mf[39m[38;5;124m"[39m[38;5;124mCannot determine common CRS for concatenation inputs, got [39m[38;5;132;01m{[39;00mnames[38;5;132;01m}[39;00m[38;5;124m. [39m[38;5;124m"[39m
[1;32m   1415[0m     [38;5;124m"[39m[38;5;124mUse `to_crs()` to transform geometries to the same CRS before merging.[39m[38;5;124m"[39m
[1;32m   1416[0m )

[0;31mValueError[0m: Cannot determine common CRS for concatenation inputs, got ['unknown', 'WGS 84']. Use `to_crs()` to transform geometries to the same CRS before merging.
ValueError: Cannot determine common CRS for concatenation inputs, got ['unknown', 'WGS 84']. Use `to_crs()` to transform geometries to the same CRS before merging.

